<?xml version="1.0" encoding="UTF-8"?>
<!-- Generated by org.testng.reporters.JUnitReportReporter -->
<testsuite hostname="ujjwalanand" failures="0" tests="1" name="AdminModule.AddMenuTestNG_Test" time="8.459" errors="0" timestamp="2023-08-10T13:16:04 IST" skipped="0">
  <testcase classname="AdminModule.AddMenuTestNG_Test" name="addMenu" time="8.459"/>
  <system-out>
    <![CDATA[addMenu=======Testscript Execution started
addMenu=======Testscript Passed]]>
  </system-out>
</testsuite> <!-- AdminModule.AddMenuTestNG_Test -->
